[2025-06-14 10:08:19,570: INFO: main: Logging is Implemented successfully.]
[2025-06-28 10:13:53,171: INFO: common: yaml file: config\config.yaml loaded successfully]
[2025-06-28 10:13:53,186: INFO: common: yaml file: params.yaml loaded successfully]
[2025-06-28 10:13:53,195: INFO: common: created directory at: artifacts]
[2025-06-28 10:13:53,197: INFO: common: created directory at: artifacts/data_ingestion]
[2025-06-28 10:14:01,690: INFO: 3189477485: artifacts/data_ingestion/data.zip download! with following info: 
Connection: close
Content-Length: 7903594
Cache-Control: max-age=300
Content-Security-Policy: default-src 'none'; style-src 'unsafe-inline'; sandbox
Content-Type: application/zip
ETag: "dbc016a060da18070593b83afff580c9b300f0b6ea4147a7988433e04df246ca"
Strict-Transport-Security: max-age=31536000
X-Content-Type-Options: nosniff
X-Frame-Options: deny
X-XSS-Protection: 1; mode=block
X-GitHub-Request-Id: 8844:14082:20299:86B6B:685F730A
Accept-Ranges: bytes
Date: Sat, 28 Jun 2025 04:43:55 GMT
Via: 1.1 varnish
X-Served-By: cache-maa10228-MAA
X-Cache: MISS
X-Cache-Hits: 0
X-Timer: S1751085835.637329,VS0,VE820
Vary: Authorization,Accept-Encoding
Access-Control-Allow-Origin: *
Cross-Origin-Resource-Policy: cross-origin
X-Fastly-Request-ID: 15c0dc580b126c07c4af4fa17c4be716c767384b
Expires: Sat, 28 Jun 2025 04:48:55 GMT
Source-Age: 1

]
[2025-06-28 10:52:41,623: INFO: main: Stage Data Ingestion Stage initiated]
[2025-06-28 10:52:41,624: INFO: common: YAML file loaded successfully: config\config.yaml]
[2025-06-28 10:52:41,626: INFO: common: YAML file loaded successfully: params.yaml]
[2025-06-28 10:52:41,627: ERROR: main: Subscripted generics cannot be used with class and instance checks]
Traceback (most recent call last):
  File "D:\Programming\MLOPS\TextSummarizer\main.py", line 10, in <module>
    data_ingestion_pipeline.initiate_data_ingestion()
  File "D:\Programming\MLOPS\TextSummarizer\src\textSummarizer\pipeline\stage_1_data_ingestion_pipeline.py", line 19, in initiate_data_ingestion
    raise e
  File "D:\Programming\MLOPS\TextSummarizer\src\textSummarizer\pipeline\stage_1_data_ingestion_pipeline.py", line 13, in initiate_data_ingestion
    config = ConfigurationManager()
  File "D:\Programming\MLOPS\TextSummarizer\src\textSummarizer\config\configuration.py", line 18, in __init__
    create_directories([self.config.artifacts_root])
  File "D:\Programming\MLOPS\TextSummarizer\venv\lib\site-packages\ensure\main.py", line 798, in __call__
    if not isinstance(value, templ):
  File "D:\Programming\MLOPS\TextSummarizer\venv\lib\typing.py", line 976, in __instancecheck__
    return self.__subclasscheck__(type(obj))
  File "D:\Programming\MLOPS\TextSummarizer\venv\lib\typing.py", line 979, in __subclasscheck__
    raise TypeError("Subscripted generics cannot be used with"
TypeError: Subscripted generics cannot be used with class and instance checks
[2025-06-28 10:56:56,627: INFO: main: Stage Data Ingestion Stage initiated]
[2025-06-28 10:56:56,629: INFO: common: YAML file loaded successfully: config\config.yaml]
[2025-06-28 10:56:56,630: INFO: common: YAML file loaded successfully: params.yaml]
[2025-06-28 10:56:56,631: ERROR: main: Subscripted generics cannot be used with class and instance checks]
Traceback (most recent call last):
  File "D:\Programming\MLOPS\TextSummarizer\main.py", line 10, in <module>
    data_ingestion_pipeline.initiate_data_ingestion()
  File "D:\Programming\MLOPS\TextSummarizer\src\textSummarizer\pipeline\stage_1_data_ingestion_pipeline.py", line 19, in initiate_data_ingestion
    raise e
  File "D:\Programming\MLOPS\TextSummarizer\src\textSummarizer\pipeline\stage_1_data_ingestion_pipeline.py", line 13, in initiate_data_ingestion
    config = ConfigurationManager()
  File "D:\Programming\MLOPS\TextSummarizer\src\textSummarizer\config\configuration.py", line 18, in __init__
    create_directories([self.config.artifacts_root])
  File "D:\Programming\MLOPS\TextSummarizer\venv\lib\site-packages\ensure\main.py", line 798, in __call__
    if not isinstance(value, templ):
  File "D:\Programming\MLOPS\TextSummarizer\venv\lib\typing.py", line 976, in __instancecheck__
    return self.__subclasscheck__(type(obj))
  File "D:\Programming\MLOPS\TextSummarizer\venv\lib\typing.py", line 979, in __subclasscheck__
    raise TypeError("Subscripted generics cannot be used with"
TypeError: Subscripted generics cannot be used with class and instance checks
[2025-07-01 14:55:10,302: INFO: main: Stage Data Ingestion Stage initiated]
[2025-07-01 14:55:10,328: INFO: common: YAML file loaded successfully: config\config.yaml]
[2025-07-01 14:55:10,346: INFO: common: YAML file loaded successfully: params.yaml]
[2025-07-01 14:55:10,346: ERROR: main: Subscripted generics cannot be used with class and instance checks]
Traceback (most recent call last):
  File "D:\Programming\MLOPS\TextSummarizer\main.py", line 10, in <module>
    data_ingestion_pipeline.initiate_data_ingestion()
  File "D:\Programming\MLOPS\TextSummarizer\src\textSummarizer\pipeline\stage_1_data_ingestion_pipeline.py", line 19, in initiate_data_ingestion
    raise e
  File "D:\Programming\MLOPS\TextSummarizer\src\textSummarizer\pipeline\stage_1_data_ingestion_pipeline.py", line 13, in initiate_data_ingestion
    config = ConfigurationManager()
  File "D:\Programming\MLOPS\TextSummarizer\src\textSummarizer\config\configuration.py", line 18, in __init__
    create_directories([self.config.artifacts_root])
  File "D:\Programming\MLOPS\TextSummarizer\venv\lib\site-packages\ensure\main.py", line 798, in __call__
    if not isinstance(value, templ):
  File "D:\Programming\MLOPS\TextSummarizer\venv\lib\typing.py", line 976, in __instancecheck__
    return self.__subclasscheck__(type(obj))
  File "D:\Programming\MLOPS\TextSummarizer\venv\lib\typing.py", line 979, in __subclasscheck__
    raise TypeError("Subscripted generics cannot be used with"
TypeError: Subscripted generics cannot be used with class and instance checks
[2025-07-02 15:22:45,096: INFO: main: Stage Data Ingestion Stage initiated]
[2025-07-02 15:22:45,117: INFO: common: YAML file loaded successfully: config\config.yaml]
[2025-07-02 15:22:45,132: INFO: common: YAML file loaded successfully: params.yaml]
[2025-07-02 15:22:45,133: ERROR: main: Subscripted generics cannot be used with class and instance checks]
Traceback (most recent call last):
  File "D:\Programming\MLOPS\TextSummarizer\main.py", line 10, in <module>
    data_ingestion_pipeline.initiate_data_ingestion()
  File "D:\Programming\MLOPS\TextSummarizer\src\textSummarizer\pipeline\stage_1_data_ingestion_pipeline.py", line 19, in initiate_data_ingestion
    raise e
  File "D:\Programming\MLOPS\TextSummarizer\src\textSummarizer\pipeline\stage_1_data_ingestion_pipeline.py", line 13, in initiate_data_ingestion
    config = ConfigurationManager()
  File "D:\Programming\MLOPS\TextSummarizer\src\textSummarizer\config\configuration.py", line 18, in __init__
    create_directories([self.config.artifacts_root])
  File "D:\Programming\MLOPS\TextSummarizer\venv\lib\site-packages\ensure\main.py", line 798, in __call__
    if not isinstance(value, templ):
  File "D:\Programming\MLOPS\TextSummarizer\venv\lib\typing.py", line 976, in __instancecheck__
    return self.__subclasscheck__(type(obj))
  File "D:\Programming\MLOPS\TextSummarizer\venv\lib\typing.py", line 979, in __subclasscheck__
    raise TypeError("Subscripted generics cannot be used with"
TypeError: Subscripted generics cannot be used with class and instance checks
[2025-07-02 15:26:46,236: INFO: main: Stage Data Ingestion Stage initiated]
[2025-07-02 15:26:46,238: INFO: common: YAML file loaded successfully: config\config.yaml]
[2025-07-02 15:26:46,239: INFO: common: YAML file loaded successfully: params.yaml]
[2025-07-02 15:26:46,240: INFO: common: Created directory at: artifacts]
[2025-07-02 15:26:46,240: INFO: common: Created directory at: artifacts/data_ingestion]
[2025-07-02 15:27:04,004: INFO: data_ingestion: artifacts/data_ingestion/data.zip download! with following info: 
Connection: close
Content-Length: 7903594
Cache-Control: max-age=300
Content-Security-Policy: default-src 'none'; style-src 'unsafe-inline'; sandbox
Content-Type: application/zip
ETag: "dbc016a060da18070593b83afff580c9b300f0b6ea4147a7988433e04df246ca"
Strict-Transport-Security: max-age=31536000
X-Content-Type-Options: nosniff
X-Frame-Options: deny
X-XSS-Protection: 1; mode=block
X-GitHub-Request-Id: E22C:ADBEC:A537E:1D42F4:6865025E
Accept-Ranges: bytes
Date: Wed, 02 Jul 2025 09:56:47 GMT
Via: 1.1 varnish
X-Served-By: cache-maa10251-MAA
X-Cache: MISS
X-Cache-Hits: 0
X-Timer: S1751450207.761851,VS0,VE719
Vary: Authorization,Accept-Encoding
Access-Control-Allow-Origin: *
Cross-Origin-Resource-Policy: cross-origin
X-Fastly-Request-ID: 7956d9fa934c51f9331ace383ad941471d6129aa
Expires: Wed, 02 Jul 2025 10:01:47 GMT
Source-Age: 0

]
[2025-07-02 15:27:04,168: INFO: main: Stage Data Ingestion Stage Completed]
[2025-07-03 14:27:00,877: INFO: config: PyTorch version 2.7.1 available.]
[2025-07-03 15:07:01,381: INFO: common: YAML file loaded successfully: config\config.yaml]
[2025-07-03 15:07:01,404: INFO: common: YAML file loaded successfully: params.yaml]
[2025-07-03 15:07:01,410: INFO: common: Created directory at: artifacts]
[2025-07-03 15:10:21,125: INFO: common: YAML file loaded successfully: config\config.yaml]
[2025-07-03 15:10:21,128: INFO: common: YAML file loaded successfully: params.yaml]
[2025-07-03 15:10:21,130: INFO: common: Created directory at: artifacts]
[2025-07-03 15:10:21,132: INFO: common: Created directory at: artifacts/data_tranformation]
[2025-07-03 15:25:33,901: INFO: config: PyTorch version 2.7.1 available.]
[2025-07-03 15:25:34,452: INFO: main: Stage Data Ingestion Stage initiated]
[2025-07-03 15:25:34,454: INFO: common: YAML file loaded successfully: config\config.yaml]
[2025-07-03 15:25:34,458: INFO: common: YAML file loaded successfully: params.yaml]
[2025-07-03 15:25:34,459: INFO: common: Created directory at: artifacts]
[2025-07-03 15:25:34,459: INFO: common: Created directory at: artifacts/data_ingestion]
[2025-07-03 15:25:34,460: INFO: data_ingestion: File already exists of size:]
[2025-07-03 15:25:34,629: INFO: main: Stage Data Ingestion Stage Completed]
[2025-07-03 15:25:34,629: INFO: main: Stage Data Transformation Stage initiated]
[2025-07-03 15:25:34,632: INFO: common: YAML file loaded successfully: config\config.yaml]
[2025-07-03 15:25:34,633: INFO: common: YAML file loaded successfully: params.yaml]
[2025-07-03 15:25:34,634: INFO: common: Created directory at: artifacts]
[2025-07-03 15:25:34,634: INFO: common: Created directory at: artifacts/data_tranformation]
[2025-07-03 15:25:43,523: INFO: main: Stage Data Transformation Stage Completed]
